<?xml version="1.0" encoding="UTF-8"?>
<testng-results skipped="0" failed="0" ignored="0" total="1" passed="1">
  <reporter-output>
  </reporter-output>
  <suite name="Suite" duration-ms="38602" started-at="2020-03-01T15:18:30 IST" finished-at="2020-03-01T15:19:09 IST">
    <groups>
    </groups>
    <test name="Test" duration-ms="38602" started-at="2020-03-01T15:18:30 IST" finished-at="2020-03-01T15:19:09 IST">
      <class name="com.qa.tests.HomePageTests">
        <test-method status="PASS" signature="beforeTest(java.lang.String, java.lang.String, java.lang.String)[pri:0, instance:com.qa.tests.HomePageTests@1f021e6c]" name="beforeTest" is-config="true" duration-ms="18153" started-at="2020-03-01T15:18:30 IST" finished-at="2020-03-01T15:18:49 IST">
          <params>
            <param index="0">
              <value>
                <![CDATA[Android]]>
              </value>
            </param>
            <param index="1">
              <value>
                <![CDATA[8.0]]>
              </value>
            </param>
            <param index="2">
              <value>
                <![CDATA[Android Emulator]]>
              </value>
            </param>
          </params>
          <reporter-output>
          </reporter-output>
        </test-method> <!-- beforeTest -->
        <test-method status="PASS" signature="beforeClass()[pri:0, instance:com.qa.tests.HomePageTests@1f021e6c]" name="beforeClass" is-config="true" duration-ms="275" started-at="2020-03-01T15:18:49 IST" finished-at="2020-03-01T15:18:49 IST">
          <reporter-output>
          </reporter-output>
        </test-method> <!-- beforeClass -->
        <test-method status="PASS" signature="beforeMethod(java.lang.reflect.Method)[pri:0, instance:com.qa.tests.HomePageTests@1f021e6c]" name="beforeMethod" is-config="true" duration-ms="6" started-at="2020-03-01T15:18:49 IST" finished-at="2020-03-01T15:18:49 IST">
          <params>
            <param index="0">
              <value>
                <![CDATA[public void com.qa.tests.HomePageTests.checkSignInButton()]]>
              </value>
            </param>
          </params>
          <reporter-output>
          </reporter-output>
        </test-method> <!-- beforeMethod -->
        <test-method status="PASS" signature="checkSignInButton()[pri:0, instance:com.qa.tests.HomePageTests@1f021e6c]" name="checkSignInButton" duration-ms="19843" started-at="2020-03-01T15:18:49 IST" finished-at="2020-03-01T15:19:09 IST">
          <reporter-output>
          </reporter-output>
        </test-method> <!-- checkSignInButton -->
        <test-method status="PASS" signature="afterMethod()[pri:0, instance:com.qa.tests.HomePageTests@1f021e6c]" name="afterMethod" is-config="true" duration-ms="0" started-at="2020-03-01T15:19:09 IST" finished-at="2020-03-01T15:19:09 IST">
          <reporter-output>
          </reporter-output>
        </test-method> <!-- afterMethod -->
        <test-method status="PASS" signature="afterClass()[pri:0, instance:com.qa.tests.HomePageTests@1f021e6c]" name="afterClass" is-config="true" duration-ms="1" started-at="2020-03-01T15:19:09 IST" finished-at="2020-03-01T15:19:09 IST">
          <reporter-output>
          </reporter-output>
        </test-method> <!-- afterClass -->
        <test-method status="PASS" signature="afterTest()[pri:0, instance:com.qa.tests.HomePageTests@1f021e6c]" name="afterTest" is-config="true" duration-ms="271" started-at="2020-03-01T15:19:09 IST" finished-at="2020-03-01T15:19:09 IST">
          <reporter-output>
          </reporter-output>
        </test-method> <!-- afterTest -->
      </class> <!-- com.qa.tests.HomePageTests -->
    </test> <!-- Test -->
  </suite> <!-- Suite -->
</testng-results>
